<?xml version="1.0" encoding="UTF-8"?>
<!-- Generated by org.testng.reporters.JUnitReportReporter -->
<testsuite hostname="Tamil" failures="0" tests="1" name="com.tmb.testcases.OrangeHRMTests" time="5.654" errors="0" timestamp="28 Jun 2024 14:37:45 GMT" skipped="0">
  <testcase classname="com.tmb.testcases.OrangeHRMTests" name="loginLogoutTest" time="5.654"/>
</testsuite> <!-- com.tmb.testcases.OrangeHRMTests -->
