<?xml version="1.0" encoding="UTF-8"?>
<!-- Generated by org.testng.reporters.JUnitReportReporter -->
<testsuite hostname="Tamil" failures="0" tests="1" name="com.tmb.testcases.LoginpageTests" time="5.478" errors="0" timestamp="28 Jun 2024 13:15:47 GMT" skipped="0">
  <testcase classname="com.tmb.testcases.LoginpageTests" name="test2" time="5.478"/>
</testsuite> <!-- com.tmb.testcases.LoginpageTests -->
