<?xml version="1.0" encoding="UTF-8"?>
<!-- Generated by org.testng.reporters.JUnitReportReporter -->
<testsuite hostname="Tamil" failures="0" tests="1" name="com.tmb.testcases.LoginpageTests" time="6.741" errors="0" timestamp="28 Jun 2024 12:30:06 GMT" skipped="0">
  <testcase classname="com.tmb.testcases.LoginpageTests" name="test1" time="6.741"/>
</testsuite> <!-- com.tmb.testcases.LoginpageTests -->
