<?xml version="1.0" encoding="UTF-8"?>
<!-- Generated by org.testng.reporters.JUnitReportReporter -->
<testsuite hostname="Tamil" failures="0" tests="1" name="com.tmb.testcases.HomePageTests" time="6.121" errors="0" timestamp="28 Jun 2024 13:51:50 GMT" skipped="0">
  <testcase classname="com.tmb.testcases.HomePageTests" name="test3" time="6.121"/>
</testsuite> <!-- com.tmb.testcases.HomePageTests -->
