<?xml version="1.0" encoding="UTF-8"?>
<!-- Generated by org.testng.reporters.JUnitReportReporter -->
<testsuite hostname="Tamil" failures="0" tests="1" name="com.tmb.testcases.HomePageTests" time="4.763" errors="0" timestamp="28 Jun 2024 13:20:02 GMT" skipped="0">
  <testcase classname="com.tmb.testcases.HomePageTests" name="test3" time="4.763"/>
</testsuite> <!-- com.tmb.testcases.HomePageTests -->
