<?xml version="1.0" encoding="UTF-8"?>
<!-- Generated by org.testng.reporters.JUnitReportReporter -->
<testsuite hostname="Tamil" failures="0" tests="1" name="com.tmb.testcases.LoginpageTests" time="4.333" errors="0" timestamp="28 Jun 2024 12:55:06 GMT" skipped="0">
  <testcase classname="com.tmb.testcases.LoginpageTests" name="test2" time="4.333"/>
</testsuite> <!-- com.tmb.testcases.LoginpageTests -->
